<?xml version="1.0" encoding="UTF-8"?>
<testng-results skipped="0" failed="0" total="1" passed="1">
  <reporter-output>
  </reporter-output>
  <suite name="SpotQA Demo Rest API" duration-ms="1032" started-at="2017-02-28T20:02:06Z" finished-at="2017-02-28T20:02:07Z">
    <groups>
    </groups>
    <test name="Test Automation Demo" duration-ms="1032" started-at="2017-02-28T20:02:06Z" finished-at="2017-02-28T20:02:07Z">
      <class name="com.facebook.tests.UserTest">
        <test-method status="PASS" signature="getUserNameTest()[pri:0, instance:com.facebook.tests.UserTest@7ee955a8]" name="getUserNameTest" duration-ms="1026" started-at="2017-02-28T12:02:06Z" finished-at="2017-02-28T12:02:07Z">
          <reporter-output>
          </reporter-output>
        </test-method> <!-- getUserNameTest -->
      </class> <!-- com.facebook.tests.UserTest -->
    </test> <!-- Test Automation Demo -->
  </suite> <!-- SpotQA Demo Rest API -->
</testng-results>
